\BOOKMARK [0][-]{chapter.1}{Introducci\363n}{}% 1
\BOOKMARK [0][-]{chapter.2}{Producto}{}% 2
\BOOKMARK [1][-]{section.2.1}{Primer Sprint}{chapter.2}% 3
\BOOKMARK [2][-]{subsection.2.1.1}{Plan de producto y planificaci\363n de lanzamientos}{section.2.1}% 4
\BOOKMARK [2][-]{subsection.2.1.2}{An\341lisis de riesgos}{section.2.1}% 5
\BOOKMARK [2][-]{subsection.2.1.3}{Pila de producto}{section.2.1}% 6
\BOOKMARK [2][-]{subsection.2.1.4}{Estado actual de la aplicaci\363n}{section.2.1}% 7
\BOOKMARK [2][-]{subsection.2.1.5}{Aspectos de usabilidad}{section.2.1}% 8
\BOOKMARK [2][-]{subsection.2.1.6}{Arquitectura}{section.2.1}% 9
\BOOKMARK [1][-]{section.2.2}{Segundo Sprint}{chapter.2}% 10
\BOOKMARK [2][-]{subsection.2.2.1}{Arquitectura}{section.2.2}% 11
\BOOKMARK [0][-]{chapter.3}{Proceso}{}% 12
\BOOKMARK [1][-]{section.3.1}{Primer Sprint}{chapter.3}% 13
\BOOKMARK [2][-]{subsection.3.1.1}{Estrategia y herramientas en test y cobertura de c\363digo}{section.3.1}% 14
\BOOKMARK [2][-]{subsection.3.1.2}{Estrategia para la construcci\363n autom\341tica de software}{section.3.1}% 15
\BOOKMARK [2][-]{subsection.3.1.3}{Definici\363n de hecho}{section.3.1}% 16
\BOOKMARK [2][-]{subsection.3.1.4}{Estrategia de control de versiones}{section.3.1}% 17
\BOOKMARK [2][-]{subsection.3.1.5}{Esfuerzos por persona}{section.3.1}% 18
\BOOKMARK [2][-]{subsection.3.1.6}{Diagrama de trabajo completado/pendiente}{section.3.1}% 19
\BOOKMARK [2][-]{subsection.3.1.7}{Velocidad del equipo}{section.3.1}% 20
\BOOKMARK [2][-]{subsection.3.1.8}{Resultados de la \372ltima retrospectiva}{section.3.1}% 21
\BOOKMARK [2][-]{subsection.3.1.9}{Otros aspectos de la gesti\363n de proyecto y/o proceso de trabajo}{section.3.1}% 22
\BOOKMARK [1][-]{section.3.2}{Segundo Sprint}{chapter.3}% 23
\BOOKMARK [2][-]{subsection.3.2.1}{Estrategia y herramientas en test y cobertura de c\363digo}{section.3.2}% 24
\BOOKMARK [2][-]{subsection.3.2.2}{Estrategia para la construcci\363n autom\341tica de software}{section.3.2}% 25
\BOOKMARK [2][-]{subsection.3.2.3}{Definici\363n de hecho}{section.3.2}% 26
\BOOKMARK [2][-]{subsection.3.2.4}{Estrategia de control de versiones}{section.3.2}% 27
\BOOKMARK [2][-]{subsection.3.2.5}{Esfuerzos por persona}{section.3.2}% 28
\BOOKMARK [2][-]{subsection.3.2.6}{Velocidad del equipo}{section.3.2}% 29
\BOOKMARK [0][-]{chapter.4}{Conclusiones}{}% 30
\BOOKMARK [1][-]{section.4.1}{Primer Sprint}{chapter.4}% 31
\BOOKMARK [1][-]{section.4.2}{Segundo Sprint}{chapter.4}% 32
\BOOKMARK [0][-]{chapter.5}{ANEXO I: MANUAL DE USUARIO}{}% 33
\BOOKMARK [1][-]{section.5.1}{Informaci\363n general}{chapter.5}% 34
\BOOKMARK [1][-]{section.5.2}{Resumen del sistema}{chapter.5}% 35
\BOOKMARK [2][-]{subsection.5.2.1}{Configuraci\363n del sistema}{section.5.2}% 36
\BOOKMARK [2][-]{subsection.5.2.2}{Niveles de acceso del usuario}{section.5.2}% 37
\BOOKMARK [1][-]{section.5.3}{C\363mo empezar a usar el sistema}{chapter.5}% 38
\BOOKMARK [2][-]{subsection.5.3.1}{Descarga e instalaci\363n}{section.5.3}% 39
\BOOKMARK [2][-]{subsection.5.3.2}{Uso de la aplicaci\363n}{section.5.3}% 40
